# Reading cached file:"comonad-dist-gen.cache"
# Is the data all valid?
# Pretty-print the generated lenses:
## Dist0
  let q (0,0,0) = (0,0,0)
      q (0,0,1) = (0,0,0)
      q (0,1,0) = (1,0,0)
      q (0,1,1) = (1,0,0)
      q (1,0,0) = (0,1,1)
      q (1,0,1) = (1,1,1)
      q (1,1,0) = (0,1,1)
      q (1,1,1) = (1,1,1)
      d0_5 (0,0) = 0
      d0_5 (0,1) = 1
      d0_5 (1,0) = 0
      d0_5 (1,1) = 1
      d0 (0,0,0) = d0_5
      d0 (0,0,1) = d0_5
      d0 (0,1,0) = d0_5
      d0 (0,1,1) = d0_5
      d0 (1,0,0) = d0_5
      d0 (1,0,1) = d0_5
      d0 (1,1,0) = d0_5
      d0 (1,1,1) = d0_5
      d1_3 (0,0) = 0
      d1_3 (0,1) = 0
      d1_3 (1,0) = 1
      d1_3 (1,1) = 1
      d1_6 (0,0) = 0
      d1_6 (0,1) = 1
      d1_6 (1,0) = 1
      d1_6 (1,1) = 0
      d1_9 (0,0) = 1
      d1_9 (0,1) = 0
      d1_9 (1,0) = 0
      d1_9 (1,1) = 1
      d1 (0,0,0) = d1_3
      d1 (0,0,1) = d1_6
      d1 (0,1,0) = d1_6
      d1 (0,1,1) = d1_3
      d1 (1,0,0) = d1_3
      d1 (1,0,1) = d1_9
      d1 (1,1,0) = d1_9
      d1 (1,1,1) = d1_3
  in  Lens $ \c -> ((review . q . view) c, d0 (view c) &&& d1 (view c))
## Dist1
  let q (0,0,0) = (0,0,0)
      q (0,0,1) = (0,0,1)
      q (0,1,0) = (1,1,0)
      q (0,1,1) = (1,0,0)
      q (1,0,0) = (0,1,1)
      q (1,0,1) = (1,0,1)
      q (1,1,0) = (0,1,0)
      q (1,1,1) = (1,1,1)
      d0_5 (0,0) = 0
      d0_5 (0,1) = 1
      d0_5 (1,0) = 0
      d0_5 (1,1) = 1
      d0_6 (0,0) = 0
      d0_6 (0,1) = 1
      d0_6 (1,0) = 1
      d0_6 (1,1) = 0
      d0_9 (0,0) = 1
      d0_9 (0,1) = 0
      d0_9 (1,0) = 0
      d0_9 (1,1) = 1
      d0 (0,0,0) = d0_5
      d0 (0,0,1) = d0_6
      d0 (0,1,0) = d0_9
      d0 (0,1,1) = d0_5
      d0 (1,0,0) = d0_5
      d0 (1,0,1) = d0_9
      d0 (1,1,0) = d0_6
      d0 (1,1,1) = d0_5
      d1_3 (0,0) = 0
      d1_3 (0,1) = 0
      d1_3 (1,0) = 1
      d1_3 (1,1) = 1
      d1_5 (0,0) = 0
      d1_5 (0,1) = 1
      d1_5 (1,0) = 0
      d1_5 (1,1) = 1
      d1_10 (0,0) = 1
      d1_10 (0,1) = 0
      d1_10 (1,0) = 1
      d1_10 (1,1) = 0
      d1 (0,0,0) = d1_3
      d1 (0,0,1) = d1_5
      d1 (0,1,0) = d1_10
      d1 (0,1,1) = d1_3
      d1 (1,0,0) = d1_3
      d1 (1,0,1) = d1_5
      d1 (1,1,0) = d1_10
      d1 (1,1,1) = d1_3
  in  Lens $ \c -> ((review . q . view) c, d0 (view c) &&& d1 (view c))
## Dist2
  let q (0,0,0) = (0,0,1)
      q (0,0,1) = (0,0,0)
      q (0,1,0) = (1,0,0)
      q (0,1,1) = (1,1,0)
      q (1,0,0) = (0,1,0)
      q (1,0,1) = (1,1,1)
      q (1,1,0) = (0,1,1)
      q (1,1,1) = (1,0,1)
      d0_5 (0,0) = 0
      d0_5 (0,1) = 1
      d0_5 (1,0) = 0
      d0_5 (1,1) = 1
      d0_6 (0,0) = 0
      d0_6 (0,1) = 1
      d0_6 (1,0) = 1
      d0_6 (1,1) = 0
      d0_9 (0,0) = 1
      d0_9 (0,1) = 0
      d0_9 (1,0) = 0
      d0_9 (1,1) = 1
      d0 (0,0,0) = d0_6
      d0 (0,0,1) = d0_5
      d0 (0,1,0) = d0_5
      d0 (0,1,1) = d0_9
      d0 (1,0,0) = d0_6
      d0 (1,0,1) = d0_5
      d0 (1,1,0) = d0_5
      d0 (1,1,1) = d0_9
      d1_3 (0,0) = 0
      d1_3 (0,1) = 0
      d1_3 (1,0) = 1
      d1_3 (1,1) = 1
      d1_6 (0,0) = 0
      d1_6 (0,1) = 1
      d1_6 (1,0) = 1
      d1_6 (1,1) = 0
      d1_9 (0,0) = 1
      d1_9 (0,1) = 0
      d1_9 (1,0) = 0
      d1_9 (1,1) = 1
      d1 (0,0,0) = d1_3
      d1 (0,0,1) = d1_6
      d1 (0,1,0) = d1_6
      d1 (0,1,1) = d1_3
      d1 (1,0,0) = d1_3
      d1 (1,0,1) = d1_9
      d1 (1,1,0) = d1_9
      d1 (1,1,1) = d1_3
  in  Lens $ \c -> ((review . q . view) c, d0 (view c) &&& d1 (view c))
## Dist3
  let q (0,0,0) = (0,0,1)
      q (0,0,1) = (0,0,1)
      q (0,1,0) = (1,1,0)
      q (0,1,1) = (1,1,0)
      q (1,0,0) = (0,1,0)
      q (1,0,1) = (1,0,1)
      q (1,1,0) = (0,1,0)
      q (1,1,1) = (1,0,1)
      d0_6 (0,0) = 0
      d0_6 (0,1) = 1
      d0_6 (1,0) = 1
      d0_6 (1,1) = 0
      d0_9 (0,0) = 1
      d0_9 (0,1) = 0
      d0_9 (1,0) = 0
      d0_9 (1,1) = 1
      d0 (0,0,0) = d0_6
      d0 (0,0,1) = d0_6
      d0 (0,1,0) = d0_9
      d0 (0,1,1) = d0_9
      d0 (1,0,0) = d0_6
      d0 (1,0,1) = d0_9
      d0 (1,1,0) = d0_6
      d0 (1,1,1) = d0_9
      d1_3 (0,0) = 0
      d1_3 (0,1) = 0
      d1_3 (1,0) = 1
      d1_3 (1,1) = 1
      d1_5 (0,0) = 0
      d1_5 (0,1) = 1
      d1_5 (1,0) = 0
      d1_5 (1,1) = 1
      d1_10 (0,0) = 1
      d1_10 (0,1) = 0
      d1_10 (1,0) = 1
      d1_10 (1,1) = 0
      d1 (0,0,0) = d1_3
      d1 (0,0,1) = d1_5
      d1 (0,1,0) = d1_10
      d1 (0,1,1) = d1_3
      d1 (1,0,0) = d1_3
      d1 (1,0,1) = d1_5
      d1 (1,1,0) = d1_10
      d1 (1,1,1) = d1_3
  in  Lens $ \c -> ((review . q . view) c, d0 (view c) &&& d1 (view c))
## Dist0 (as group action comonad)
  let q (0,0,0) = (0,0,0)
      q (0,0,1) = (0,0,0)
      q (0,1,0) = (1,0,0)
      q (0,1,1) = (1,0,0)
      q (1,0,0) = (0,1,1)
      q (1,0,1) = (0,1,1)
      q (1,1,0) = (1,1,1)
      q (1,1,1) = (1,1,1)
      d0_5 (0,0) = 0
      d0_5 (0,1) = 1
      d0_5 (1,0) = 0
      d0_5 (1,1) = 1
      d0 (0,0,0) = d0_5
      d0 (0,0,1) = d0_5
      d0 (0,1,0) = d0_5
      d0 (0,1,1) = d0_5
      d0 (1,0,0) = d0_5
      d0 (1,0,1) = d0_5
      d0 (1,1,0) = d0_5
      d0 (1,1,1) = d0_5
      d1_3 (0,0) = 0
      d1_3 (0,1) = 0
      d1_3 (1,0) = 1
      d1_3 (1,1) = 1
      d1 (0,0,0) = d1_3
      d1 (0,0,1) = d1_3
      d1 (0,1,0) = d1_3
      d1 (0,1,1) = d1_3
      d1 (1,0,0) = d1_3
      d1 (1,0,1) = d1_3
      d1 (1,1,0) = d1_3
      d1 (1,1,1) = d1_3
  in  Lens $ \c -> ((review . q . view) c, d0 (view c) &&& d1 (view c))
## Dist1 (as group action comonad)
  let q (0,0,0) = (0,0,0)
      q (0,0,1) = (0,0,1)
      q (0,1,0) = (1,0,1)
      q (0,1,1) = (1,0,0)
      q (1,0,0) = (0,1,1)
      q (1,0,1) = (0,1,0)
      q (1,1,0) = (1,1,0)
      q (1,1,1) = (1,1,1)
      d0_5 (0,0) = 0
      d0_5 (0,1) = 1
      d0_5 (1,0) = 0
      d0_5 (1,1) = 1
      d0 (0,0,0) = d0_5
      d0 (0,0,1) = d0_5
      d0 (0,1,0) = d0_5
      d0 (0,1,1) = d0_5
      d0 (1,0,0) = d0_5
      d0 (1,0,1) = d0_5
      d0 (1,1,0) = d0_5
      d0 (1,1,1) = d0_5
      d1_3 (0,0) = 0
      d1_3 (0,1) = 0
      d1_3 (1,0) = 1
      d1_3 (1,1) = 1
      d1 (0,0,0) = d1_3
      d1 (0,0,1) = d1_3
      d1 (0,1,0) = d1_3
      d1 (0,1,1) = d1_3
      d1 (1,0,0) = d1_3
      d1 (1,0,1) = d1_3
      d1 (1,1,0) = d1_3
      d1 (1,1,1) = d1_3
  in  Lens $ \c -> ((review . q . view) c, d0 (view c) &&& d1 (view c))
## Dist2 (as group action comonad)
  let q (0,0,0) = (0,0,1)
      q (0,0,1) = (0,0,0)
      q (0,1,0) = (1,0,0)
      q (0,1,1) = (1,0,1)
      q (1,0,0) = (0,1,0)
      q (1,0,1) = (0,1,1)
      q (1,1,0) = (1,1,1)
      q (1,1,1) = (1,1,0)
      d0_5 (0,0) = 0
      d0_5 (0,1) = 1
      d0_5 (1,0) = 0
      d0_5 (1,1) = 1
      d0 (0,0,0) = d0_5
      d0 (0,0,1) = d0_5
      d0 (0,1,0) = d0_5
      d0 (0,1,1) = d0_5
      d0 (1,0,0) = d0_5
      d0 (1,0,1) = d0_5
      d0 (1,1,0) = d0_5
      d0 (1,1,1) = d0_5
      d1_3 (0,0) = 0
      d1_3 (0,1) = 0
      d1_3 (1,0) = 1
      d1_3 (1,1) = 1
      d1 (0,0,0) = d1_3
      d1 (0,0,1) = d1_3
      d1 (0,1,0) = d1_3
      d1 (0,1,1) = d1_3
      d1 (1,0,0) = d1_3
      d1 (1,0,1) = d1_3
      d1 (1,1,0) = d1_3
      d1 (1,1,1) = d1_3
  in  Lens $ \c -> ((review . q . view) c, d0 (view c) &&& d1 (view c))
## Dist3 (as group action comonad)
  let q (0,0,0) = (0,0,1)
      q (0,0,1) = (0,0,1)
      q (0,1,0) = (1,0,1)
      q (0,1,1) = (1,0,1)
      q (1,0,0) = (0,1,0)
      q (1,0,1) = (0,1,0)
      q (1,1,0) = (1,1,0)
      q (1,1,1) = (1,1,0)
      d0_5 (0,0) = 0
      d0_5 (0,1) = 1
      d0_5 (1,0) = 0
      d0_5 (1,1) = 1
      d0 (0,0,0) = d0_5
      d0 (0,0,1) = d0_5
      d0 (0,1,0) = d0_5
      d0 (0,1,1) = d0_5
      d0 (1,0,0) = d0_5
      d0 (1,0,1) = d0_5
      d0 (1,1,0) = d0_5
      d0 (1,1,1) = d0_5
      d1_3 (0,0) = 0
      d1_3 (0,1) = 0
      d1_3 (1,0) = 1
      d1_3 (1,1) = 1
      d1 (0,0,0) = d1_3
      d1 (0,0,1) = d1_3
      d1 (0,1,0) = d1_3
      d1 (0,1,1) = d1_3
      d1 (1,0,0) = d1_3
      d1 (1,0,1) = d1_3
      d1 (1,1,0) = d1_3
      d1 (1,1,1) = d1_3
  in  Lens $ \c -> ((review . q . view) c, d0 (view c) &&& d1 (view c))
# Are the generated lenses isomorphic each other?
==|  |  |  
  |==|  |  
  |  |==|  
  |  |  |==
# Check that handcrafted distributive laws are valid
### Dist0
Code:     LensCode [(0,39),(0,54),(4,54),(4,39),(3,39),(7,99),(3,99),(7,39)]
Validity: True
Is dist0 correct? True
Is distByGroup correct? True
### distByGroup
dist := distByGroup @(Store Bool) @(ZMod 3)
Code: LensCode [(0,4265),(0,5595),(0,6820),(8,6820),(8,4265),(8,5595),(16,5595),(16,6820),(16,4265),(7,4265),(15,19595),(23,12245),(7,12245),(15,4265),(23,19595),(7,19595),(15,12245),(23,4265)]
Validity: True
### Dist1
Code:     LensCode [(0,39),(1,57),(6,198),(4,39),(3,39),(5,147),(2,108),(7,39)]
Validity: True
